1712547230112	geckodriver	INFO	Listening on 127.0.0.1:53131
1712547233176	mozrunner::runner	INFO	Running command: "C:\\Users\\sakthivel.chandru\\AppData\\Local\\Mozilla Firefox\\firefox.exe" "--marionette" "--remote-debugg ... no-remote" "-profile" "c:\\Users\\sakthivel.chandru\\AppData\\Local\\robocorp\\temp\\59feac567e9c069a\\rust_mozprofile98lZ7q"
console.warn: services.settings: Ignoring preference override of remote settings server
console.warn: services.settings: Allow by setting MOZ_REMOTE_SETTINGS_DEVTOOLS=1 in the environment
1712547233857	Marionette	INFO	Marionette enabled
Dynamically enable window occlusion 0
1712547233943	Marionette	INFO	Listening on port 53149
WebDriver BiDi listening on ws://127.0.0.1:53132
Read port: 53149
1712547234213	RemoteAgent	WARN	TLS certificate errors will be ignored for this session
DevTools listening on ws://127.0.0.1:53132/devtools/browser/77e8160f-7ef5-4e95-a466-54fd3d65dc2e
console.warn: LoginRecipes: "Falling back to a synchronous message for: https://robotsparebinindustries.com."
1712547249695	Marionette	INFO	Stopped listening on port 53149
Dynamically enable window occlusion 1
WARNING: A blocker encountered an error while we were waiting.
          Blocker:  CrashMonitor: Writing notifications to file after receiving profile-before-change and awaiting all checkpoints written
          Phase: IOUtils: waiting for profileBeforeChange IO to complete
          State: {"profile-after-change":true,"final-ui-startup":true,"sessionstore-windows-restored":true,"quit-application-granted":true,"quit-application":true,"profile-change-net-teardown":true,"profile-change-teardown":true,"profile-before-change":true,"sessionstore-final-state-write-complete":true}
WARNING: OperationError: Could not move temporary file(c:\Users\sakthivel.chandru\AppData\Local\robocorp\temp\59feac567e9c069a\rust_mozprofile98lZ7q\sessionCheckpoints.json.tmp) to destination(c:\Users\sakthivel.chandru\AppData\Local\robocorp\temp\59feac567e9c069a\rust_mozprofile98lZ7q\sessionCheckpoints.json)
WARNING: observe@resource://gre/modules/AsyncShutdown.sys.mjs:573:17

JavaScript error: resource://gre/modules/AsyncShutdown.sys.mjs, line 573: OperationError: Could not move temporary file(c:\Users\sakthivel.chandru\AppData\Local\robocorp\temp\59feac567e9c069a\rust_mozprofile98lZ7q\sessionCheckpoints.json.tmp) to destination(c:\Users\sakthivel.chandru\AppData\Local\robocorp\temp\59feac567e9c069a\rust_mozprofile98lZ7q\sessionCheckpoints.json)
JavaScript error: resource://gre/modules/AsyncShutdown.sys.mjs, line 573: OperationError: Could not move temporary file(c:\Users\sakthivel.chandru\AppData\Local\robocorp\temp\59feac567e9c069a\rust_mozprofile98lZ7q\sessionCheckpoints.json.tmp) to destination(c:\Users\sakthivel.chandru\AppData\Local\robocorp\temp\59feac567e9c069a\rust_mozprofile98lZ7q\sessionCheckpoints.json)
